Found Java version 11.0.9.1
Available memory: 1987 MB
Using JVM args: -Xmx496m
1417 [main] INFO  org.zaproxy.zap.DaemonBootstrap - OWASP ZAP 2.10.0 started 18/07/2021, 02:04:38 with home /home/zap/.ZAP/
1473 [main] INFO  org.parosproxy.paros.common.AbstractParam - Setting config database.recoverylog = false was false
1474 [main] INFO  org.parosproxy.paros.common.AbstractParam - Setting config api.disablekey = true was true
1476 [main] INFO  org.parosproxy.paros.common.AbstractParam - Setting config api.addrs.addr.name = .* was .*
1477 [main] INFO  org.parosproxy.paros.common.AbstractParam - Setting config api.addrs.addr.regex = true was true
1478 [main] INFO  org.parosproxy.paros.common.AbstractParam - Setting config spider.maxDuration = 1 was 1
1488 [main] INFO  org.parosproxy.paros.network.SSLConnector - Reading supported SSL/TLS protocols...
1489 [main] INFO  org.parosproxy.paros.network.SSLConnector - Using a SSLEngine...
1587 [main] INFO  org.parosproxy.paros.network.SSLConnector - Done reading supported SSL/TLS protocols: [SSLv2Hello, SSLv3, TLSv1, TLSv1.1, TLSv1.2, TLSv1.3]
1591 [main] INFO  org.parosproxy.paros.extension.option.OptionsParamCertificate - Unsafe SSL renegotiation disabled.
2088 [main] INFO  hsqldb.db.HSQLDB379AF3DEBD.ENGINE - dataFileCache open start
2099 [main] INFO  hsqldb.db.HSQLDB379AF3DEBD.ENGINE - dataFileCache commit start
2102 [main] INFO  hsqldb.db.HSQLDB379AF3DEBD.ENGINE - dataFileCache commit end
2105 [main] INFO  hsqldb.db.HSQLDB379AF3DEBD.ENGINE - dataFileCache open end
2163 [ZAP-daemon] INFO  org.zaproxy.zap.control.ExtensionFactory - Loading extensions
2372 [ZAP-daemon] WARN  org.zaproxy.zap.control.AddOnCollection - Failed to create add-on for ascanrules
java.util.zip.ZipException: zip END header not found
	at java.util.zip.ZipFile$Source.zerror(ZipFile.java:1567) ~[?:?]
	at java.util.zip.ZipFile$Source.findEND(ZipFile.java:1462) ~[?:?]
	at java.util.zip.ZipFile$Source.initCEN(ZipFile.java:1469) ~[?:?]
	at java.util.zip.ZipFile$Source.<init>(ZipFile.java:1274) ~[?:?]
	at java.util.zip.ZipFile$Source.get(ZipFile.java:1237) ~[?:?]
	at java.util.zip.ZipFile$CleanableResource.<init>(ZipFile.java:727) ~[?:?]
	at java.util.zip.ZipFile$CleanableResource.get(ZipFile.java:844) ~[?:?]
	at java.util.zip.ZipFile.<init>(ZipFile.java:247) ~[?:?]
	at java.util.zip.ZipFile.<init>(ZipFile.java:177) ~[?:?]
	at java.util.zip.ZipFile.<init>(ZipFile.java:191) ~[?:?]
	at org.zaproxy.zap.control.AddOn.loadManifestFile(AddOn.java:567) ~[zap-2.10.0.jar:2.10.0]
	at org.zaproxy.zap.control.AddOn.<init>(AddOn.java:659) ~[zap-2.10.0.jar:2.10.0]
	at org.zaproxy.zap.control.AddOnCollection.load(AddOnCollection.java:143) [zap-2.10.0.jar:2.10.0]
	at org.zaproxy.zap.control.AddOnCollection.<init>(AddOnCollection.java:60) [zap-2.10.0.jar:2.10.0]
	at org.zaproxy.zap.control.AddOnCollection.<init>(AddOnCollection.java:52) [zap-2.10.0.jar:2.10.0]
	at org.zaproxy.zap.extension.autoupdate.ExtensionAutoUpdate.getPreviousVersionInfo(ExtensionAutoUpdate.java:1112) [zap-2.10.0.jar:2.10.0]
	at org.zaproxy.zap.extension.autoupdate.ExtensionAutoUpdate.initialize(ExtensionAutoUpdate.java:178) [zap-2.10.0.jar:2.10.0]
	at org.zaproxy.zap.extension.autoupdate.ExtensionAutoUpdate.<init>(ExtensionAutoUpdate.java:167) [zap-2.10.0.jar:2.10.0]
	at org.zaproxy.zap.control.CoreFunctionality.createExtensions(CoreFunctionality.java:82) [zap-2.10.0.jar:2.10.0]
	at org.zaproxy.zap.control.CoreFunctionality.getBuiltInExtensions(CoreFunctionality.java:60) [zap-2.10.0.jar:2.10.0]
	at org.zaproxy.zap.control.ExtensionFactory.loadAllExtension(ExtensionFactory.java:105) [zap-2.10.0.jar:2.10.0]
	at org.parosproxy.paros.control.Control.addExtension(Control.java:185) [zap-2.10.0.jar:2.10.0]
	at org.parosproxy.paros.control.AbstractControl.loadExtension(AbstractControl.java:54) [zap-2.10.0.jar:2.10.0]
	at org.parosproxy.paros.control.Control.init(Control.java:141) [zap-2.10.0.jar:2.10.0]
	at org.parosproxy.paros.control.Control.initSingletonWithoutViewAndProxy(Control.java:371) [zap-2.10.0.jar:2.10.0]
	at org.zaproxy.zap.HeadlessBootstrap.initControl(HeadlessBootstrap.java:58) [zap-2.10.0.jar:2.10.0]
	at org.zaproxy.zap.DaemonBootstrap$1.run(DaemonBootstrap.java:75) [zap-2.10.0.jar:2.10.0]
	at java.lang.Thread.run(Thread.java:834) [?:?]
2400 [ZAP-daemon] WARN  org.zaproxy.zap.control.AddOnCollection - Failed to create add-on for commonlib
java.util.zip.ZipException: zip END header not found
	at java.util.zip.ZipFile$Source.zerror(ZipFile.java:1567) ~[?:?]
	at java.util.zip.ZipFile$Source.findEND(ZipFile.java:1462) ~[?:?]
	at java.util.zip.ZipFile$Source.initCEN(ZipFile.java:1469) ~[?:?]
	at java.util.zip.ZipFile$Source.<init>(ZipFile.java:1274) ~[?:?]
	at java.util.zip.ZipFile$Source.get(ZipFile.java:1237) ~[?:?]
	at java.util.zip.ZipFile$CleanableResource.<init>(ZipFile.java:727) ~[?:?]
	at java.util.zip.ZipFile$CleanableResource.get(ZipFile.java:844) ~[?:?]
	at java.util.zip.ZipFile.<init>(ZipFile.java:247) ~[?:?]
	at java.util.zip.ZipFile.<init>(ZipFile.java:177) ~[?:?]
	at java.util.zip.ZipFile.<init>(ZipFile.java:191) ~[?:?]
	at org.zaproxy.zap.control.AddOn.loadManifestFile(AddOn.java:567) ~[zap-2.10.0.jar:2.10.0]
	at org.zaproxy.zap.control.AddOn.<init>(AddOn.java:659) ~[zap-2.10.0.jar:2.10.0]
	at org.zaproxy.zap.control.AddOnCollection.load(AddOnCollection.java:143) [zap-2.10.0.jar:2.10.0]
	at org.zaproxy.zap.control.AddOnCollection.<init>(AddOnCollection.java:60) [zap-2.10.0.jar:2.10.0]
	at org.zaproxy.zap.control.AddOnCollection.<init>(AddOnCollection.java:52) [zap-2.10.0.jar:2.10.0]
	at org.zaproxy.zap.extension.autoupdate.ExtensionAutoUpdate.getPreviousVersionInfo(ExtensionAutoUpdate.java:1112) [zap-2.10.0.jar:2.10.0]
	at org.zaproxy.zap.extension.autoupdate.ExtensionAutoUpdate.initialize(ExtensionAutoUpdate.java:178) [zap-2.10.0.jar:2.10.0]
	at org.zaproxy.zap.extension.autoupdate.ExtensionAutoUpdate.<init>(ExtensionAutoUpdate.java:167) [zap-2.10.0.jar:2.10.0]
	at org.zaproxy.zap.control.CoreFunctionality.createExtensions(CoreFunctionality.java:82) [zap-2.10.0.jar:2.10.0]
	at org.zaproxy.zap.control.CoreFunctionality.getBuiltInExtensions(CoreFunctionality.java:60) [zap-2.10.0.jar:2.10.0]
	at org.zaproxy.zap.control.ExtensionFactory.loadAllExtension(ExtensionFactory.java:105) [zap-2.10.0.jar:2.10.0]
	at org.parosproxy.paros.control.Control.addExtension(Control.java:185) [zap-2.10.0.jar:2.10.0]
	at org.parosproxy.paros.control.AbstractControl.loadExtension(AbstractControl.java:54) [zap-2.10.0.jar:2.10.0]
	at org.parosproxy.paros.control.Control.init(Control.java:141) [zap-2.10.0.jar:2.10.0]
	at org.parosproxy.paros.control.Control.initSingletonWithoutViewAndProxy(Control.java:371) [zap-2.10.0.jar:2.10.0]
	at org.zaproxy.zap.HeadlessBootstrap.initControl(HeadlessBootstrap.java:58) [zap-2.10.0.jar:2.10.0]
	at org.zaproxy.zap.DaemonBootstrap$1.run(DaemonBootstrap.java:75) [zap-2.10.0.jar:2.10.0]
	at java.lang.Thread.run(Thread.java:834) [?:?]
2420 [ZAP-daemon] WARN  org.zaproxy.zap.control.AddOnCollection - Failed to create add-on for fuzz
java.util.zip.ZipException: zip END header not found
	at java.util.zip.ZipFile$Source.zerror(ZipFile.java:1567) ~[?:?]
	at java.util.zip.ZipFile$Source.findEND(ZipFile.java:1462) ~[?:?]
	at java.util.zip.ZipFile$Source.initCEN(ZipFile.java:1469) ~[?:?]
	at java.util.zip.ZipFile$Source.<init>(ZipFile.java:1274) ~[?:?]
	at java.util.zip.ZipFile$Source.get(ZipFile.java:1237) ~[?:?]
	at java.util.zip.ZipFile$CleanableResource.<init>(ZipFile.java:727) ~[?:?]
	at java.util.zip.ZipFile$CleanableResource.get(ZipFile.java:844) ~[?:?]
	at java.util.zip.ZipFile.<init>(ZipFile.java:247) ~[?:?]
	at java.util.zip.ZipFile.<init>(ZipFile.java:177) ~[?:?]
	at java.util.zip.ZipFile.<init>(ZipFile.java:191) ~[?:?]
	at org.zaproxy.zap.control.AddOn.loadManifestFile(AddOn.java:567) ~[zap-2.10.0.jar:2.10.0]
	at org.zaproxy.zap.control.AddOn.<init>(AddOn.java:659) ~[zap-2.10.0.jar:2.10.0]
	at org.zaproxy.zap.control.AddOnCollection.load(AddOnCollection.java:143) [zap-2.10.0.jar:2.10.0]
	at org.zaproxy.zap.control.AddOnCollection.<init>(AddOnCollection.java:60) [zap-2.10.0.jar:2.10.0]
	at org.zaproxy.zap.control.AddOnCollection.<init>(AddOnCollection.java:52) [zap-2.10.0.jar:2.10.0]
	at org.zaproxy.zap.extension.autoupdate.ExtensionAutoUpdate.getPreviousVersionInfo(ExtensionAutoUpdate.java:1112) [zap-2.10.0.jar:2.10.0]
	at org.zaproxy.zap.extension.autoupdate.ExtensionAutoUpdate.initialize(ExtensionAutoUpdate.java:178) [zap-2.10.0.jar:2.10.0]
	at org.zaproxy.zap.extension.autoupdate.ExtensionAutoUpdate.<init>(ExtensionAutoUpdate.java:167) [zap-2.10.0.jar:2.10.0]
	at org.zaproxy.zap.control.CoreFunctionality.createExtensions(CoreFunctionality.java:82) [zap-2.10.0.jar:2.10.0]
	at org.zaproxy.zap.control.CoreFunctionality.getBuiltInExtensions(CoreFunctionality.java:60) [zap-2.10.0.jar:2.10.0]
	at org.zaproxy.zap.control.ExtensionFactory.loadAllExtension(ExtensionFactory.java:105) [zap-2.10.0.jar:2.10.0]
	at org.parosproxy.paros.control.Control.addExtension(Control.java:185) [zap-2.10.0.jar:2.10.0]
	at org.parosproxy.paros.control.AbstractControl.loadExtension(AbstractControl.java:54) [zap-2.10.0.jar:2.10.0]
	at org.parosproxy.paros.control.Control.init(Control.java:141) [zap-2.10.0.jar:2.10.0]
	at org.parosproxy.paros.control.Control.initSingletonWithoutViewAndProxy(Control.java:371) [zap-2.10.0.jar:2.10.0]
	at org.zaproxy.zap.HeadlessBootstrap.initControl(HeadlessBootstrap.java:58) [zap-2.10.0.jar:2.10.0]
	at org.zaproxy.zap.DaemonBootstrap$1.run(DaemonBootstrap.java:75) [zap-2.10.0.jar:2.10.0]
	at java.lang.Thread.run(Thread.java:834) [?:?]
2426 [ZAP-daemon] WARN  org.zaproxy.zap.control.AddOnCollection - Failed to create add-on for graphql
java.util.zip.ZipException: zip END header not found
	at java.util.zip.ZipFile$Source.zerror(ZipFile.java:1567) ~[?:?]
	at java.util.zip.ZipFile$Source.findEND(ZipFile.java:1462) ~[?:?]
	at java.util.zip.ZipFile$Source.initCEN(ZipFile.java:1469) ~[?:?]
	at java.util.zip.ZipFile$Source.<init>(ZipFile.java:1274) ~[?:?]
	at java.util.zip.ZipFile$Source.get(ZipFile.java:1237) ~[?:?]
	at java.util.zip.ZipFile$CleanableResource.<init>(ZipFile.java:727) ~[?:?]
	at java.util.zip.ZipFile$CleanableResource.get(ZipFile.java:844) ~[?:?]
	at java.util.zip.ZipFile.<init>(ZipFile.java:247) ~[?:?]
	at java.util.zip.ZipFile.<init>(ZipFile.java:177) ~[?:?]
	at java.util.zip.ZipFile.<init>(ZipFile.java:191) ~[?:?]
	at org.zaproxy.zap.control.AddOn.loadManifestFile(AddOn.java:567) ~[zap-2.10.0.jar:2.10.0]
	at org.zaproxy.zap.control.AddOn.<init>(AddOn.java:659) ~[zap-2.10.0.jar:2.10.0]
	at org.zaproxy.zap.control.AddOnCollection.load(AddOnCollection.java:143) [zap-2.10.0.jar:2.10.0]
	at org.zaproxy.zap.control.AddOnCollection.<init>(AddOnCollection.java:60) [zap-2.10.0.jar:2.10.0]
	at org.zaproxy.zap.control.AddOnCollection.<init>(AddOnCollection.java:52) [zap-2.10.0.jar:2.10.0]
	at org.zaproxy.zap.extension.autoupdate.ExtensionAutoUpdate.getPreviousVersionInfo(ExtensionAutoUpdate.java:1112) [zap-2.10.0.jar:2.10.0]
	at org.zaproxy.zap.extension.autoupdate.ExtensionAutoUpdate.initialize(ExtensionAutoUpdate.java:178) [zap-2.10.0.jar:2.10.0]
	at org.zaproxy.zap.extension.autoupdate.ExtensionAutoUpdate.<init>(ExtensionAutoUpdate.java:167) [zap-2.10.0.jar:2.10.0]
	at org.zaproxy.zap.control.CoreFunctionality.createExtensions(CoreFunctionality.java:82) [zap-2.10.0.jar:2.10.0]
	at org.zaproxy.zap.control.CoreFunctionality.getBuiltInExtensions(CoreFunctionality.java:60) [zap-2.10.0.jar:2.10.0]
	at org.zaproxy.zap.control.ExtensionFactory.loadAllExtension(ExtensionFactory.java:105) [zap-2.10.0.jar:2.10.0]
	at org.parosproxy.paros.control.Control.addExtension(Control.java:185) [zap-2.10.0.jar:2.10.0]
	at org.parosproxy.paros.control.AbstractControl.loadExtension(AbstractControl.java:54) [zap-2.10.0.jar:2.10.0]
	at org.parosproxy.paros.control.Control.init(Control.java:141) [zap-2.10.0.jar:2.10.0]
	at org.parosproxy.paros.control.Control.initSingletonWithoutViewAndProxy(Control.java:371) [zap-2.10.0.jar:2.10.0]
	at org.zaproxy.zap.HeadlessBootstrap.initControl(HeadlessBootstrap.java:58) [zap-2.10.0.jar:2.10.0]
	at org.zaproxy.zap.DaemonBootstrap$1.run(DaemonBootstrap.java:75) [zap-2.10.0.jar:2.10.0]
	at java.lang.Thread.run(Thread.java:834) [?:?]
2438 [ZAP-daemon] WARN  org.zaproxy.zap.control.AddOnCollection - Failed to create add-on for openapi
java.util.zip.ZipException: zip END header not found
	at java.util.zip.ZipFile$Source.zerror(ZipFile.java:1567) ~[?:?]
	at java.util.zip.ZipFile$Source.findEND(ZipFile.java:1462) ~[?:?]
	at java.util.zip.ZipFile$Source.initCEN(ZipFile.java:1469) ~[?:?]
	at java.util.zip.ZipFile$Source.<init>(ZipFile.java:1274) ~[?:?]
	at java.util.zip.ZipFile$Source.get(ZipFile.java:1237) ~[?:?]
	at java.util.zip.ZipFile$CleanableResource.<init>(ZipFile.java:727) ~[?:?]
	at java.util.zip.ZipFile$CleanableResource.get(ZipFile.java:844) ~[?:?]
	at java.util.zip.ZipFile.<init>(ZipFile.java:247) ~[?:?]
	at java.util.zip.ZipFile.<init>(ZipFile.java:177) ~[?:?]
	at java.util.zip.ZipFile.<init>(ZipFile.java:191) ~[?:?]
	at org.zaproxy.zap.control.AddOn.loadManifestFile(AddOn.java:567) ~[zap-2.10.0.jar:2.10.0]
	at org.zaproxy.zap.control.AddOn.<init>(AddOn.java:659) ~[zap-2.10.0.jar:2.10.0]
	at org.zaproxy.zap.control.AddOnCollection.load(AddOnCollection.java:143) [zap-2.10.0.jar:2.10.0]
	at org.zaproxy.zap.control.AddOnCollection.<init>(AddOnCollection.java:60) [zap-2.10.0.jar:2.10.0]
	at org.zaproxy.zap.control.AddOnCollection.<init>(AddOnCollection.java:52) [zap-2.10.0.jar:2.10.0]
	at org.zaproxy.zap.extension.autoupdate.ExtensionAutoUpdate.getPreviousVersionInfo(ExtensionAutoUpdate.java:1112) [zap-2.10.0.jar:2.10.0]
	at org.zaproxy.zap.extension.autoupdate.ExtensionAutoUpdate.initialize(ExtensionAutoUpdate.java:178) [zap-2.10.0.jar:2.10.0]
	at org.zaproxy.zap.extension.autoupdate.ExtensionAutoUpdate.<init>(ExtensionAutoUpdate.java:167) [zap-2.10.0.jar:2.10.0]
	at org.zaproxy.zap.control.CoreFunctionality.createExtensions(CoreFunctionality.java:82) [zap-2.10.0.jar:2.10.0]
	at org.zaproxy.zap.control.CoreFunctionality.getBuiltInExtensions(CoreFunctionality.java:60) [zap-2.10.0.jar:2.10.0]
	at org.zaproxy.zap.control.ExtensionFactory.loadAllExtension(ExtensionFactory.java:105) [zap-2.10.0.jar:2.10.0]
	at org.parosproxy.paros.control.Control.addExtension(Control.java:185) [zap-2.10.0.jar:2.10.0]
	at org.parosproxy.paros.control.AbstractControl.loadExtension(AbstractControl.java:54) [zap-2.10.0.jar:2.10.0]
	at org.parosproxy.paros.control.Control.init(Control.java:141) [zap-2.10.0.jar:2.10.0]
	at org.parosproxy.paros.control.Control.initSingletonWithoutViewAndProxy(Control.java:371) [zap-2.10.0.jar:2.10.0]
	at org.zaproxy.zap.HeadlessBootstrap.initControl(HeadlessBootstrap.java:58) [zap-2.10.0.jar:2.10.0]
	at org.zaproxy.zap.DaemonBootstrap$1.run(DaemonBootstrap.java:75) [zap-2.10.0.jar:2.10.0]
	at java.lang.Thread.run(Thread.java:834) [?:?]
2445 [ZAP-daemon] WARN  org.zaproxy.zap.control.AddOnCollection - Failed to create add-on for retire
java.util.zip.ZipException: zip END header not found
	at java.util.zip.ZipFile$Source.zerror(ZipFile.java:1567) ~[?:?]
	at java.util.zip.ZipFile$Source.findEND(ZipFile.java:1462) ~[?:?]
	at java.util.zip.ZipFile$Source.initCEN(ZipFile.java:1469) ~[?:?]
	at java.util.zip.ZipFile$Source.<init>(ZipFile.java:1274) ~[?:?]
	at java.util.zip.ZipFile$Source.get(ZipFile.java:1237) ~[?:?]
	at java.util.zip.ZipFile$CleanableResource.<init>(ZipFile.java:727) ~[?:?]
	at java.util.zip.ZipFile$CleanableResource.get(ZipFile.java:844) ~[?:?]
	at java.util.zip.ZipFile.<init>(ZipFile.java:247) ~[?:?]
	at java.util.zip.ZipFile.<init>(ZipFile.java:177) ~[?:?]
	at java.util.zip.ZipFile.<init>(ZipFile.java:191) ~[?:?]
	at org.zaproxy.zap.control.AddOn.loadManifestFile(AddOn.java:567) ~[zap-2.10.0.jar:2.10.0]
	at org.zaproxy.zap.control.AddOn.<init>(AddOn.java:659) ~[zap-2.10.0.jar:2.10.0]
	at org.zaproxy.zap.control.AddOnCollection.load(AddOnCollection.java:143) [zap-2.10.0.jar:2.10.0]
	at org.zaproxy.zap.control.AddOnCollection.<init>(AddOnCollection.java:60) [zap-2.10.0.jar:2.10.0]
	at org.zaproxy.zap.control.AddOnCollection.<init>(AddOnCollection.java:52) [zap-2.10.0.jar:2.10.0]
	at org.zaproxy.zap.extension.autoupdate.ExtensionAutoUpdate.getPreviousVersionInfo(ExtensionAutoUpdate.java:1112) [zap-2.10.0.jar:2.10.0]
	at org.zaproxy.zap.extension.autoupdate.ExtensionAutoUpdate.initialize(ExtensionAutoUpdate.java:178) [zap-2.10.0.jar:2.10.0]
	at org.zaproxy.zap.extension.autoupdate.ExtensionAutoUpdate.<init>(ExtensionAutoUpdate.java:167) [zap-2.10.0.jar:2.10.0]
	at org.zaproxy.zap.control.CoreFunctionality.createExtensions(CoreFunctionality.java:82) [zap-2.10.0.jar:2.10.0]
	at org.zaproxy.zap.control.CoreFunctionality.getBuiltInExtensions(CoreFunctionality.java:60) [zap-2.10.0.jar:2.10.0]
	at org.zaproxy.zap.control.ExtensionFactory.loadAllExtension(ExtensionFactory.java:105) [zap-2.10.0.jar:2.10.0]
	at org.parosproxy.paros.control.Control.addExtension(Control.java:185) [zap-2.10.0.jar:2.10.0]
	at org.parosproxy.paros.control.AbstractControl.loadExtension(AbstractControl.java:54) [zap-2.10.0.jar:2.10.0]
	at org.parosproxy.paros.control.Control.init(Control.java:141) [zap-2.10.0.jar:2.10.0]
	at org.parosproxy.paros.control.Control.initSingletonWithoutViewAndProxy(Control.java:371) [zap-2.10.0.jar:2.10.0]
	at org.zaproxy.zap.HeadlessBootstrap.initControl(HeadlessBootstrap.java:58) [zap-2.10.0.jar:2.10.0]
	at org.zaproxy.zap.DaemonBootstrap$1.run(DaemonBootstrap.java:75) [zap-2.10.0.jar:2.10.0]
	at java.lang.Thread.run(Thread.java:834) [?:?]
2451 [ZAP-daemon] WARN  org.zaproxy.zap.control.AddOnCollection - Failed to create add-on for scripts
java.util.zip.ZipException: zip END header not found
	at java.util.zip.ZipFile$Source.zerror(ZipFile.java:1567) ~[?:?]
	at java.util.zip.ZipFile$Source.findEND(ZipFile.java:1462) ~[?:?]
	at java.util.zip.ZipFile$Source.initCEN(ZipFile.java:1469) ~[?:?]
	at java.util.zip.ZipFile$Source.<init>(ZipFile.java:1274) ~[?:?]
	at java.util.zip.ZipFile$Source.get(ZipFile.java:1237) ~[?:?]
	at java.util.zip.ZipFile$CleanableResource.<init>(ZipFile.java:727) ~[?:?]
	at java.util.zip.ZipFile$CleanableResource.get(ZipFile.java:844) ~[?:?]
	at java.util.zip.ZipFile.<init>(ZipFile.java:247) ~[?:?]
	at java.util.zip.ZipFile.<init>(ZipFile.java:177) ~[?:?]
	at java.util.zip.ZipFile.<init>(ZipFile.java:191) ~[?:?]
	at org.zaproxy.zap.control.AddOn.loadManifestFile(AddOn.java:567) ~[zap-2.10.0.jar:2.10.0]
	at org.zaproxy.zap.control.AddOn.<init>(AddOn.java:659) ~[zap-2.10.0.jar:2.10.0]
	at org.zaproxy.zap.control.AddOnCollection.load(AddOnCollection.java:143) [zap-2.10.0.jar:2.10.0]
	at org.zaproxy.zap.control.AddOnCollection.<init>(AddOnCollection.java:60) [zap-2.10.0.jar:2.10.0]
	at org.zaproxy.zap.control.AddOnCollection.<init>(AddOnCollection.java:52) [zap-2.10.0.jar:2.10.0]
	at org.zaproxy.zap.extension.autoupdate.ExtensionAutoUpdate.getPreviousVersionInfo(ExtensionAutoUpdate.java:1112) [zap-2.10.0.jar:2.10.0]
	at org.zaproxy.zap.extension.autoupdate.ExtensionAutoUpdate.initialize(ExtensionAutoUpdate.java:178) [zap-2.10.0.jar:2.10.0]
	at org.zaproxy.zap.extension.autoupdate.ExtensionAutoUpdate.<init>(ExtensionAutoUpdate.java:167) [zap-2.10.0.jar:2.10.0]
	at org.zaproxy.zap.control.CoreFunctionality.createExtensions(CoreFunctionality.java:82) [zap-2.10.0.jar:2.10.0]
	at org.zaproxy.zap.control.CoreFunctionality.getBuiltInExtensions(CoreFunctionality.java:60) [zap-2.10.0.jar:2.10.0]
	at org.zaproxy.zap.control.ExtensionFactory.loadAllExtension(ExtensionFactory.java:105) [zap-2.10.0.jar:2.10.0]
	at org.parosproxy.paros.control.Control.addExtension(Control.java:185) [zap-2.10.0.jar:2.10.0]
	at org.parosproxy.paros.control.AbstractControl.loadExtension(AbstractControl.java:54) [zap-2.10.0.jar:2.10.0]
	at org.parosproxy.paros.control.Control.init(Control.java:141) [zap-2.10.0.jar:2.10.0]
	at org.parosproxy.paros.control.Control.initSingletonWithoutViewAndProxy(Control.java:371) [zap-2.10.0.jar:2.10.0]
	at org.zaproxy.zap.HeadlessBootstrap.initControl(HeadlessBootstrap.java:58) [zap-2.10.0.jar:2.10.0]
	at org.zaproxy.zap.DaemonBootstrap$1.run(DaemonBootstrap.java:75) [zap-2.10.0.jar:2.10.0]
	at java.lang.Thread.run(Thread.java:834) [?:?]
2454 [ZAP-daemon] WARN  org.zaproxy.zap.control.AddOnCollection - Failed to create add-on for soap
java.util.zip.ZipException: zip END header not found
	at java.util.zip.ZipFile$Source.zerror(ZipFile.java:1567) ~[?:?]
	at java.util.zip.ZipFile$Source.findEND(ZipFile.java:1462) ~[?:?]
	at java.util.zip.ZipFile$Source.initCEN(ZipFile.java:1469) ~[?:?]
	at java.util.zip.ZipFile$Source.<init>(ZipFile.java:1274) ~[?:?]
	at java.util.zip.ZipFile$Source.get(ZipFile.java:1237) ~[?:?]
	at java.util.zip.ZipFile$CleanableResource.<init>(ZipFile.java:727) ~[?:?]
	at java.util.zip.ZipFile$CleanableResource.get(ZipFile.java:844) ~[?:?]
	at java.util.zip.ZipFile.<init>(ZipFile.java:247) ~[?:?]
	at java.util.zip.ZipFile.<init>(ZipFile.java:177) ~[?:?]
	at java.util.zip.ZipFile.<init>(ZipFile.java:191) ~[?:?]
	at org.zaproxy.zap.control.AddOn.loadManifestFile(AddOn.java:567) ~[zap-2.10.0.jar:2.10.0]
	at org.zaproxy.zap.control.AddOn.<init>(AddOn.java:659) ~[zap-2.10.0.jar:2.10.0]
	at org.zaproxy.zap.control.AddOnCollection.load(AddOnCollection.java:143) [zap-2.10.0.jar:2.10.0]
	at org.zaproxy.zap.control.AddOnCollection.<init>(AddOnCollection.java:60) [zap-2.10.0.jar:2.10.0]
	at org.zaproxy.zap.control.AddOnCollection.<init>(AddOnCollection.java:52) [zap-2.10.0.jar:2.10.0]
	at org.zaproxy.zap.extension.autoupdate.ExtensionAutoUpdate.getPreviousVersionInfo(ExtensionAutoUpdate.java:1112) [zap-2.10.0.jar:2.10.0]
	at org.zaproxy.zap.extension.autoupdate.ExtensionAutoUpdate.initialize(ExtensionAutoUpdate.java:178) [zap-2.10.0.jar:2.10.0]
	at org.zaproxy.zap.extension.autoupdate.ExtensionAutoUpdate.<init>(ExtensionAutoUpdate.java:167) [zap-2.10.0.jar:2.10.0]
	at org.zaproxy.zap.control.CoreFunctionality.createExtensions(CoreFunctionality.java:82) [zap-2.10.0.jar:2.10.0]
	at org.zaproxy.zap.control.CoreFunctionality.getBuiltInExtensions(CoreFunctionality.java:60) [zap-2.10.0.jar:2.10.0]
	at org.zaproxy.zap.control.ExtensionFactory.loadAllExtension(ExtensionFactory.java:105) [zap-2.10.0.jar:2.10.0]
	at org.parosproxy.paros.control.Control.addExtension(Control.java:185) [zap-2.10.0.jar:2.10.0]
	at org.parosproxy.paros.control.AbstractControl.loadExtension(AbstractControl.java:54) [zap-2.10.0.jar:2.10.0]
	at org.parosproxy.paros.control.Control.init(Control.java:141) [zap-2.10.0.jar:2.10.0]
	at org.parosproxy.paros.control.Control.initSingletonWithoutViewAndProxy(Control.java:371) [zap-2.10.0.jar:2.10.0]
	at org.zaproxy.zap.HeadlessBootstrap.initControl(HeadlessBootstrap.java:58) [zap-2.10.0.jar:2.10.0]
	at org.zaproxy.zap.DaemonBootstrap$1.run(DaemonBootstrap.java:75) [zap-2.10.0.jar:2.10.0]
	at java.lang.Thread.run(Thread.java:834) [?:?]
2458 [ZAP-daemon] WARN  org.zaproxy.zap.control.AddOnCollection - Failed to create add-on for spiderAjax
java.util.zip.ZipException: zip END header not found
	at java.util.zip.ZipFile$Source.zerror(ZipFile.java:1567) ~[?:?]
	at java.util.zip.ZipFile$Source.findEND(ZipFile.java:1462) ~[?:?]
	at java.util.zip.ZipFile$Source.initCEN(ZipFile.java:1469) ~[?:?]
	at java.util.zip.ZipFile$Source.<init>(ZipFile.java:1274) ~[?:?]
	at java.util.zip.ZipFile$Source.get(ZipFile.java:1237) ~[?:?]
	at java.util.zip.ZipFile$CleanableResource.<init>(ZipFile.java:727) ~[?:?]
	at java.util.zip.ZipFile$CleanableResource.get(ZipFile.java:844) ~[?:?]
	at java.util.zip.ZipFile.<init>(ZipFile.java:247) ~[?:?]
	at java.util.zip.ZipFile.<init>(ZipFile.java:177) ~[?:?]
	at java.util.zip.ZipFile.<init>(ZipFile.java:191) ~[?:?]
	at org.zaproxy.zap.control.AddOn.loadManifestFile(AddOn.java:567) ~[zap-2.10.0.jar:2.10.0]
	at org.zaproxy.zap.control.AddOn.<init>(AddOn.java:659) ~[zap-2.10.0.jar:2.10.0]
	at org.zaproxy.zap.control.AddOnCollection.load(AddOnCollection.java:143) [zap-2.10.0.jar:2.10.0]
	at org.zaproxy.zap.control.AddOnCollection.<init>(AddOnCollection.java:60) [zap-2.10.0.jar:2.10.0]
	at org.zaproxy.zap.control.AddOnCollection.<init>(AddOnCollection.java:52) [zap-2.10.0.jar:2.10.0]
	at org.zaproxy.zap.extension.autoupdate.ExtensionAutoUpdate.getPreviousVersionInfo(ExtensionAutoUpdate.java:1112) [zap-2.10.0.jar:2.10.0]
	at org.zaproxy.zap.extension.autoupdate.ExtensionAutoUpdate.initialize(ExtensionAutoUpdate.java:178) [zap-2.10.0.jar:2.10.0]
	at org.zaproxy.zap.extension.autoupdate.ExtensionAutoUpdate.<init>(ExtensionAutoUpdate.java:167) [zap-2.10.0.jar:2.10.0]
	at org.zaproxy.zap.control.CoreFunctionality.createExtensions(CoreFunctionality.java:82) [zap-2.10.0.jar:2.10.0]
	at org.zaproxy.zap.control.CoreFunctionality.getBuiltInExtensions(CoreFunctionality.java:60) [zap-2.10.0.jar:2.10.0]
	at org.zaproxy.zap.control.ExtensionFactory.loadAllExtension(ExtensionFactory.java:105) [zap-2.10.0.jar:2.10.0]
	at org.parosproxy.paros.control.Control.addExtension(Control.java:185) [zap-2.10.0.jar:2.10.0]
	at org.parosproxy.paros.control.AbstractControl.loadExtension(AbstractControl.java:54) [zap-2.10.0.jar:2.10.0]
	at org.parosproxy.paros.control.Control.init(Control.java:141) [zap-2.10.0.jar:2.10.0]
	at org.parosproxy.paros.control.Control.initSingletonWithoutViewAndProxy(Control.java:371) [zap-2.10.0.jar:2.10.0]
	at org.zaproxy.zap.HeadlessBootstrap.initControl(HeadlessBootstrap.java:58) [zap-2.10.0.jar:2.10.0]
	at org.zaproxy.zap.DaemonBootstrap$1.run(DaemonBootstrap.java:75) [zap-2.10.0.jar:2.10.0]
	at java.lang.Thread.run(Thread.java:834) [?:?]
2461 [ZAP-daemon] WARN  org.zaproxy.zap.control.AddOnCollection - Failed to create add-on for tips
java.util.zip.ZipException: zip END header not found
	at java.util.zip.ZipFile$Source.zerror(ZipFile.java:1567) ~[?:?]
	at java.util.zip.ZipFile$Source.findEND(ZipFile.java:1462) ~[?:?]
	at java.util.zip.ZipFile$Source.initCEN(ZipFile.java:1469) ~[?:?]
	at java.util.zip.ZipFile$Source.<init>(ZipFile.java:1274) ~[?:?]
	at java.util.zip.ZipFile$Source.get(ZipFile.java:1237) ~[?:?]
	at java.util.zip.ZipFile$CleanableResource.<init>(ZipFile.java:727) ~[?:?]
	at java.util.zip.ZipFile$CleanableResource.get(ZipFile.java:844) ~[?:?]
	at java.util.zip.ZipFile.<init>(ZipFile.java:247) ~[?:?]
	at java.util.zip.ZipFile.<init>(ZipFile.java:177) ~[?:?]
	at java.util.zip.ZipFile.<init>(ZipFile.java:191) ~[?:?]
	at org.zaproxy.zap.control.AddOn.loadManifestFile(AddOn.java:567) ~[zap-2.10.0.jar:2.10.0]
	at org.zaproxy.zap.control.AddOn.<init>(AddOn.java:659) ~[zap-2.10.0.jar:2.10.0]
	at org.zaproxy.zap.control.AddOnCollection.load(AddOnCollection.java:143) [zap-2.10.0.jar:2.10.0]
	at org.zaproxy.zap.control.AddOnCollection.<init>(AddOnCollection.java:60) [zap-2.10.0.jar:2.10.0]
	at org.zaproxy.zap.control.AddOnCollection.<init>(AddOnCollection.java:52) [zap-2.10.0.jar:2.10.0]
	at org.zaproxy.zap.extension.autoupdate.ExtensionAutoUpdate.getPreviousVersionInfo(ExtensionAutoUpdate.java:1112) [zap-2.10.0.jar:2.10.0]
	at org.zaproxy.zap.extension.autoupdate.ExtensionAutoUpdate.initialize(ExtensionAutoUpdate.java:178) [zap-2.10.0.jar:2.10.0]
	at org.zaproxy.zap.extension.autoupdate.ExtensionAutoUpdate.<init>(ExtensionAutoUpdate.java:167) [zap-2.10.0.jar:2.10.0]
	at org.zaproxy.zap.control.CoreFunctionality.createExtensions(CoreFunctionality.java:82) [zap-2.10.0.jar:2.10.0]
	at org.zaproxy.zap.control.CoreFunctionality.getBuiltInExtensions(CoreFunctionality.java:60) [zap-2.10.0.jar:2.10.0]
	at org.zaproxy.zap.control.ExtensionFactory.loadAllExtension(ExtensionFactory.java:105) [zap-2.10.0.jar:2.10.0]
	at org.parosproxy.paros.control.Control.addExtension(Control.java:185) [zap-2.10.0.jar:2.10.0]
	at org.parosproxy.paros.control.AbstractControl.loadExtension(AbstractControl.java:54) [zap-2.10.0.jar:2.10.0]
	at org.parosproxy.paros.control.Control.init(Control.java:141) [zap-2.10.0.jar:2.10.0]
	at org.parosproxy.paros.control.Control.initSingletonWithoutViewAndProxy(Control.java:371) [zap-2.10.0.jar:2.10.0]
	at org.zaproxy.zap.HeadlessBootstrap.initControl(HeadlessBootstrap.java:58) [zap-2.10.0.jar:2.10.0]
	at org.zaproxy.zap.DaemonBootstrap$1.run(DaemonBootstrap.java:75) [zap-2.10.0.jar:2.10.0]
	at java.lang.Thread.run(Thread.java:834) [?:?]
2466 [ZAP-daemon] WARN  org.zaproxy.zap.control.AddOnCollection - Failed to create add-on for webdriverlinux
java.util.zip.ZipException: zip END header not found
	at java.util.zip.ZipFile$Source.zerror(ZipFile.java:1567) ~[?:?]
	at java.util.zip.ZipFile$Source.findEND(ZipFile.java:1462) ~[?:?]
	at java.util.zip.ZipFile$Source.initCEN(ZipFile.java:1469) ~[?:?]
	at java.util.zip.ZipFile$Source.<init>(ZipFile.java:1274) ~[?:?]
	at java.util.zip.ZipFile$Source.get(ZipFile.java:1237) ~[?:?]
	at java.util.zip.ZipFile$CleanableResource.<init>(ZipFile.java:727) ~[?:?]
	at java.util.zip.ZipFile$CleanableResource.get(ZipFile.java:844) ~[?:?]
	at java.util.zip.ZipFile.<init>(ZipFile.java:247) ~[?:?]
	at java.util.zip.ZipFile.<init>(ZipFile.java:177) ~[?:?]
	at java.util.zip.ZipFile.<init>(ZipFile.java:191) ~[?:?]
	at org.zaproxy.zap.control.AddOn.loadManifestFile(AddOn.java:567) ~[zap-2.10.0.jar:2.10.0]
	at org.zaproxy.zap.control.AddOn.<init>(AddOn.java:659) ~[zap-2.10.0.jar:2.10.0]
	at org.zaproxy.zap.control.AddOnCollection.load(AddOnCollection.java:143) [zap-2.10.0.jar:2.10.0]
	at org.zaproxy.zap.control.AddOnCollection.<init>(AddOnCollection.java:60) [zap-2.10.0.jar:2.10.0]
	at org.zaproxy.zap.control.AddOnCollection.<init>(AddOnCollection.java:52) [zap-2.10.0.jar:2.10.0]
	at org.zaproxy.zap.extension.autoupdate.ExtensionAutoUpdate.getPreviousVersionInfo(ExtensionAutoUpdate.java:1112) [zap-2.10.0.jar:2.10.0]
	at org.zaproxy.zap.extension.autoupdate.ExtensionAutoUpdate.initialize(ExtensionAutoUpdate.java:178) [zap-2.10.0.jar:2.10.0]
	at org.zaproxy.zap.extension.autoupdate.ExtensionAutoUpdate.<init>(ExtensionAutoUpdate.java:167) [zap-2.10.0.jar:2.10.0]
	at org.zaproxy.zap.control.CoreFunctionality.createExtensions(CoreFunctionality.java:82) [zap-2.10.0.jar:2.10.0]
	at org.zaproxy.zap.control.CoreFunctionality.getBuiltInExtensions(CoreFunctionality.java:60) [zap-2.10.0.jar:2.10.0]
	at org.zaproxy.zap.control.ExtensionFactory.loadAllExtension(ExtensionFactory.java:105) [zap-2.10.0.jar:2.10.0]
	at org.parosproxy.paros.control.Control.addExtension(Control.java:185) [zap-2.10.0.jar:2.10.0]
	at org.parosproxy.paros.control.AbstractControl.loadExtension(AbstractControl.java:54) [zap-2.10.0.jar:2.10.0]
	at org.parosproxy.paros.control.Control.init(Control.java:141) [zap-2.10.0.jar:2.10.0]
	at org.parosproxy.paros.control.Control.initSingletonWithoutViewAndProxy(Control.java:371) [zap-2.10.0.jar:2.10.0]
	at org.zaproxy.zap.HeadlessBootstrap.initControl(HeadlessBootstrap.java:58) [zap-2.10.0.jar:2.10.0]
	at org.zaproxy.zap.DaemonBootstrap$1.run(DaemonBootstrap.java:75) [zap-2.10.0.jar:2.10.0]
	at java.lang.Thread.run(Thread.java:834) [?:?]
2470 [ZAP-daemon] WARN  org.zaproxy.zap.control.AddOnCollection - Failed to create add-on for websocket
java.util.zip.ZipException: zip END header not found
	at java.util.zip.ZipFile$Source.zerror(ZipFile.java:1567) ~[?:?]
	at java.util.zip.ZipFile$Source.findEND(ZipFile.java:1462) ~[?:?]
	at java.util.zip.ZipFile$Source.initCEN(ZipFile.java:1469) ~[?:?]
	at java.util.zip.ZipFile$Source.<init>(ZipFile.java:1274) ~[?:?]
	at java.util.zip.ZipFile$Source.get(ZipFile.java:1237) ~[?:?]
	at java.util.zip.ZipFile$CleanableResource.<init>(ZipFile.java:727) ~[?:?]
	at java.util.zip.ZipFile$CleanableResource.get(ZipFile.java:844) ~[?:?]
	at java.util.zip.ZipFile.<init>(ZipFile.java:247) ~[?:?]
	at java.util.zip.ZipFile.<init>(ZipFile.java:177) ~[?:?]
	at java.util.zip.ZipFile.<init>(ZipFile.java:191) ~[?:?]
	at org.zaproxy.zap.control.AddOn.loadManifestFile(AddOn.java:567) ~[zap-2.10.0.jar:2.10.0]
	at org.zaproxy.zap.control.AddOn.<init>(AddOn.java:659) ~[zap-2.10.0.jar:2.10.0]
	at org.zaproxy.zap.control.AddOnCollection.load(AddOnCollection.java:143) [zap-2.10.0.jar:2.10.0]
	at org.zaproxy.zap.control.AddOnCollection.<init>(AddOnCollection.java:60) [zap-2.10.0.jar:2.10.0]
	at org.zaproxy.zap.control.AddOnCollection.<init>(AddOnCollection.java:52) [zap-2.10.0.jar:2.10.0]
	at org.zaproxy.zap.extension.autoupdate.ExtensionAutoUpdate.getPreviousVersionInfo(ExtensionAutoUpdate.java:1112) [zap-2.10.0.jar:2.10.0]
	at org.zaproxy.zap.extension.autoupdate.ExtensionAutoUpdate.initialize(ExtensionAutoUpdate.java:178) [zap-2.10.0.jar:2.10.0]
	at org.zaproxy.zap.extension.autoupdate.ExtensionAutoUpdate.<init>(ExtensionAutoUpdate.java:167) [zap-2.10.0.jar:2.10.0]
	at org.zaproxy.zap.control.CoreFunctionality.createExtensions(CoreFunctionality.java:82) [zap-2.10.0.jar:2.10.0]
	at org.zaproxy.zap.control.CoreFunctionality.getBuiltInExtensions(CoreFunctionality.java:60) [zap-2.10.0.jar:2.10.0]
	at org.zaproxy.zap.control.ExtensionFactory.loadAllExtension(ExtensionFactory.java:105) [zap-2.10.0.jar:2.10.0]
	at org.parosproxy.paros.control.Control.addExtension(Control.java:185) [zap-2.10.0.jar:2.10.0]
	at org.parosproxy.paros.control.AbstractControl.loadExtension(AbstractControl.java:54) [zap-2.10.0.jar:2.10.0]
	at org.parosproxy.paros.control.Control.init(Control.java:141) [zap-2.10.0.jar:2.10.0]
	at org.parosproxy.paros.control.Control.initSingletonWithoutViewAndProxy(Control.java:371) [zap-2.10.0.jar:2.10.0]
	at org.zaproxy.zap.HeadlessBootstrap.initControl(HeadlessBootstrap.java:58) [zap-2.10.0.jar:2.10.0]
	at org.zaproxy.zap.DaemonBootstrap$1.run(DaemonBootstrap.java:75) [zap-2.10.0.jar:2.10.0]
	at java.lang.Thread.run(Thread.java:834) [?:?]
2474 [ZAP-daemon] WARN  org.zaproxy.zap.control.AddOnCollection - Failed to create add-on for zest
java.util.zip.ZipException: zip END header not found
	at java.util.zip.ZipFile$Source.zerror(ZipFile.java:1567) ~[?:?]
	at java.util.zip.ZipFile$Source.findEND(ZipFile.java:1462) ~[?:?]
	at java.util.zip.ZipFile$Source.initCEN(ZipFile.java:1469) ~[?:?]
	at java.util.zip.ZipFile$Source.<init>(ZipFile.java:1274) ~[?:?]
	at java.util.zip.ZipFile$Source.get(ZipFile.java:1237) ~[?:?]
	at java.util.zip.ZipFile$CleanableResource.<init>(ZipFile.java:727) ~[?:?]
	at java.util.zip.ZipFile$CleanableResource.get(ZipFile.java:844) ~[?:?]
	at java.util.zip.ZipFile.<init>(ZipFile.java:247) ~[?:?]
	at java.util.zip.ZipFile.<init>(ZipFile.java:177) ~[?:?]
	at java.util.zip.ZipFile.<init>(ZipFile.java:191) ~[?:?]
	at org.zaproxy.zap.control.AddOn.loadManifestFile(AddOn.java:567) ~[zap-2.10.0.jar:2.10.0]
	at org.zaproxy.zap.control.AddOn.<init>(AddOn.java:659) ~[zap-2.10.0.jar:2.10.0]
	at org.zaproxy.zap.control.AddOnCollection.load(AddOnCollection.java:143) [zap-2.10.0.jar:2.10.0]
	at org.zaproxy.zap.control.AddOnCollection.<init>(AddOnCollection.java:60) [zap-2.10.0.jar:2.10.0]
	at org.zaproxy.zap.control.AddOnCollection.<init>(AddOnCollection.java:52) [zap-2.10.0.jar:2.10.0]
	at org.zaproxy.zap.extension.autoupdate.ExtensionAutoUpdate.getPreviousVersionInfo(ExtensionAutoUpdate.java:1112) [zap-2.10.0.jar:2.10.0]
	at org.zaproxy.zap.extension.autoupdate.ExtensionAutoUpdate.initialize(ExtensionAutoUpdate.java:178) [zap-2.10.0.jar:2.10.0]
	at org.zaproxy.zap.extension.autoupdate.ExtensionAutoUpdate.<init>(ExtensionAutoUpdate.java:167) [zap-2.10.0.jar:2.10.0]
	at org.zaproxy.zap.control.CoreFunctionality.createExtensions(CoreFunctionality.java:82) [zap-2.10.0.jar:2.10.0]
	at org.zaproxy.zap.control.CoreFunctionality.getBuiltInExtensions(CoreFunctionality.java:60) [zap-2.10.0.jar:2.10.0]
	at org.zaproxy.zap.control.ExtensionFactory.loadAllExtension(ExtensionFactory.java:105) [zap-2.10.0.jar:2.10.0]
	at org.parosproxy.paros.control.Control.addExtension(Control.java:185) [zap-2.10.0.jar:2.10.0]
	at org.parosproxy.paros.control.AbstractControl.loadExtension(AbstractControl.java:54) [zap-2.10.0.jar:2.10.0]
	at org.parosproxy.paros.control.Control.init(Control.java:141) [zap-2.10.0.jar:2.10.0]
	at org.parosproxy.paros.control.Control.initSingletonWithoutViewAndProxy(Control.java:371) [zap-2.10.0.jar:2.10.0]
	at org.zaproxy.zap.HeadlessBootstrap.initControl(HeadlessBootstrap.java:58) [zap-2.10.0.jar:2.10.0]
	at org.zaproxy.zap.DaemonBootstrap$1.run(DaemonBootstrap.java:75) [zap-2.10.0.jar:2.10.0]
	at java.lang.Thread.run(Thread.java:834) [?:?]
3321 [ZAP-daemon] WARN  org.zaproxy.zap.control.AddOn - Invalid add-on: /home/zap/.ZAP/plugin/graphql-alpha-0.3.0.zap. zip END header not found
3325 [ZAP-daemon] WARN  org.zaproxy.zap.control.AddOn - Invalid add-on: /home/zap/.ZAP/plugin/retire-release-0.7.0.zap. zip END header not found
3329 [ZAP-daemon] WARN  org.zaproxy.zap.control.AddOn - Invalid add-on: /home/zap/.ZAP/plugin/soap-alpha-7.zap. zip END header not found
3333 [ZAP-daemon] WARN  org.zaproxy.zap.control.AddOn - Invalid add-on: /home/zap/.ZAP/plugin/scripts-beta-28.zap. zip END header not found
3335 [ZAP-daemon] WARN  org.zaproxy.zap.control.AddOn - Invalid add-on: /home/zap/.ZAP/plugin/commonlib-release-1.4.0.zap. zip END header not found
3343 [ZAP-daemon] WARN  org.zaproxy.zap.control.AddOn - Invalid add-on: /home/zap/.ZAP/plugin/tips-beta-8.zap. zip END header not found
3346 [ZAP-daemon] WARN  org.zaproxy.zap.control.AddOn - Invalid add-on: /home/zap/.ZAP/plugin/websocket-release-23.zap. zip END header not found
3350 [ZAP-daemon] WARN  org.zaproxy.zap.control.AddOn - Invalid add-on: /home/zap/.ZAP/plugin/ascanrules-release-40.zap. zip END header not found
3354 [ZAP-daemon] WARN  org.zaproxy.zap.control.AddOn - Invalid add-on: /home/zap/.ZAP/plugin/spiderAjax-release-23.3.0.zap. zip END header not found
3365 [ZAP-daemon] WARN  org.zaproxy.zap.control.AddOn - Invalid add-on: /home/zap/.ZAP/plugin/fuzz-beta-13.2.0.zap. zip END header not found
3368 [ZAP-daemon] WARN  org.zaproxy.zap.control.AddOn - Invalid add-on: /home/zap/.ZAP/plugin/openapi-beta-19.zap. zip END header not found
3371 [ZAP-daemon] WARN  org.zaproxy.zap.control.AddOn - Invalid add-on: /home/zap/.ZAP/plugin/zest-beta-34.zap. zip END header not found
3373 [ZAP-daemon] WARN  org.zaproxy.zap.control.AddOn - Invalid add-on: /home/zap/.ZAP/plugin/webdriverlinux-release-29.zap. zip END header not found
3516 [ZAP-daemon] INFO  org.zaproxy.zap.control.ExtensionFactory - Installed add-ons: [[id=alertFilters, version=10.0.0], [id=ascanrules, version=38.0.0], [id=bruteforce, version=10.0.0], [id=commonlib, version=1.2.0], [id=diff, version=10.0.0], [id=directorylistv1, version=4.0.0], [id=domxss, version=10.0.0], [id=encoder, version=0.5.0], [id=formhandler, version=3.0.0], [id=fuzz, version=13.1.0], [id=gettingStarted, version=12.0.0], [id=graaljs, version=0.1.0], [id=graphql, version=0.2.0], [id=help, version=11.0.0], [id=hud, version=0.12.0], [id=importurls, version=7.0.0], [id=invoke, version=10.0.0], [id=onlineMenu, version=8.0.0], [id=openapi, version=17.0.0], [id=pscanrules, version=31.0.0], [id=quickstart, version=29.0.0], [id=replacer, version=8.0.0], [id=retire, version=0.6.0], [id=reveal, version=3.0.0], [id=saverawmessage, version=5.0.0], [id=savexmlmessage, version=0.1.0], [id=scripts, version=27.0.0], [id=selenium, version=15.3.0], [id=soap, version=4.0.0], [id=spiderAjax, version=23.2.0], [id=tips, version=7.0.0], [id=webdriverlinux, version=23.0.0], [id=websocket, version=22.0.0], [id=zest, version=33.0.0]]
4246 [ZAP-daemon] INFO  org.zaproxy.zap.control.ExtensionFactory - Extensions loaded
4471 [ZAP-daemon] INFO  org.parosproxy.paros.extension.ExtensionLoader - Initializing Allows ZAP to check for updates
4481 [ZAP-daemon] INFO  org.parosproxy.paros.extension.ExtensionLoader - Initializing Options Extension
4483 [ZAP-daemon] INFO  org.parosproxy.paros.extension.ExtensionLoader - Initializing Edit Menu Extension
4484 [ZAP-daemon] INFO  org.parosproxy.paros.extension.ExtensionLoader - Initializing Provides a rest based API for controlling and accessing ZAP
4500 [ZAP-daemon] INFO  org.parosproxy.paros.extension.ExtensionLoader - Initializing Session State Extension
4501 [ZAP-daemon] INFO  org.parosproxy.paros.extension.ExtensionLoader - Initializing Report Extension
4502 [ZAP-daemon] INFO  org.parosproxy.paros.extension.ExtensionLoader - Initializing History Extension
4508 [ZAP-daemon] INFO  org.parosproxy.paros.extension.ExtensionLoader - Initializing Show hidden fields and enable disabled fields
4512 [ZAP-daemon] INFO  org.parosproxy.paros.extension.ExtensionLoader - Initializing Search messages for strings and regular expressions
4515 [ZAP-daemon] INFO  org.parosproxy.paros.extension.ExtensionLoader - Initializing Allows you to intercept and modify requests and responses
4518 [ZAP-daemon] INFO  org.parosproxy.paros.extension.ExtensionLoader - Initializing Passive scanner
4575 [ZAP-daemon] INFO  org.zaproxy.zap.extension.pscan.ExtensionPassiveScan - loaded passive scan rule: Script Passive Scan Rules
4576 [ZAP-daemon] INFO  org.zaproxy.zap.extension.pscan.ExtensionPassiveScan - loaded passive scan rule: Stats Passive Scan Rule
4579 [ZAP-daemon] INFO  org.zaproxy.zap.extension.pscan.ExtensionPassiveScan - loaded passive scan rule: Vulnerable JS Library
4582 [ZAP-daemon] INFO  org.zaproxy.zap.extension.pscan.ExtensionPassiveScan - loaded passive scan rule: Application Error Disclosure
4584 [ZAP-daemon] INFO  org.zaproxy.zap.extension.pscan.ExtensionPassiveScan - loaded passive scan rule: Incomplete or No Cache-control and Pragma HTTP Header Set
4585 [ZAP-daemon] INFO  org.zaproxy.zap.extension.pscan.ExtensionPassiveScan - loaded passive scan rule: Charset Mismatch
4587 [ZAP-daemon] INFO  org.zaproxy.zap.extension.pscan.ExtensionPassiveScan - loaded passive scan rule: CSP
4589 [ZAP-daemon] INFO  org.zaproxy.zap.extension.pscan.ExtensionPassiveScan - loaded passive scan rule: Content-Type Header Missing
4590 [ZAP-daemon] INFO  org.zaproxy.zap.extension.pscan.ExtensionPassiveScan - loaded passive scan rule: Cookie No HttpOnly Flag
4592 [ZAP-daemon] INFO  org.zaproxy.zap.extension.pscan.ExtensionPassiveScan - loaded passive scan rule: Loosely Scoped Cookie
4594 [ZAP-daemon] INFO  org.zaproxy.zap.extension.pscan.ExtensionPassiveScan - loaded passive scan rule: Cookie Without SameSite Attribute
4595 [ZAP-daemon] INFO  org.zaproxy.zap.extension.pscan.ExtensionPassiveScan - loaded passive scan rule: Cookie Without Secure Flag
4597 [ZAP-daemon] INFO  org.zaproxy.zap.extension.pscan.ExtensionPassiveScan - loaded passive scan rule: Cross-Domain Misconfiguration
4598 [ZAP-daemon] INFO  org.zaproxy.zap.extension.pscan.ExtensionPassiveScan - loaded passive scan rule: Cross-Domain JavaScript Source File Inclusion
4599 [ZAP-daemon] INFO  org.zaproxy.zap.extension.pscan.ExtensionPassiveScan - loaded passive scan rule: Absence of Anti-CSRF Tokens
4600 [ZAP-daemon] INFO  org.zaproxy.zap.extension.pscan.ExtensionPassiveScan - loaded passive scan rule: Private IP Disclosure
4601 [ZAP-daemon] INFO  org.zaproxy.zap.extension.pscan.ExtensionPassiveScan - loaded passive scan rule: Session ID in URL Rewrite
4602 [ZAP-daemon] INFO  org.zaproxy.zap.extension.pscan.ExtensionPassiveScan - loaded passive scan rule: Information Disclosure - Debug Error Messages
4603 [ZAP-daemon] INFO  org.zaproxy.zap.extension.pscan.ExtensionPassiveScan - loaded passive scan rule: Information Disclosure - Sensitive Information in URL
4604 [ZAP-daemon] INFO  org.zaproxy.zap.extension.pscan.ExtensionPassiveScan - loaded passive scan rule: Information Disclosure - Sensitive Information in HTTP Referrer Header
4605 [ZAP-daemon] INFO  org.zaproxy.zap.extension.pscan.ExtensionPassiveScan - loaded passive scan rule: Information Disclosure - Suspicious Comments
4606 [ZAP-daemon] INFO  org.zaproxy.zap.extension.pscan.ExtensionPassiveScan - loaded passive scan rule: Weak Authentication Method
4607 [ZAP-daemon] INFO  org.zaproxy.zap.extension.pscan.ExtensionPassiveScan - loaded passive scan rule: Insecure JSF ViewState
4608 [ZAP-daemon] INFO  org.zaproxy.zap.extension.pscan.ExtensionPassiveScan - loaded passive scan rule: Secure Pages Include Mixed Content
4608 [ZAP-daemon] INFO  org.zaproxy.zap.extension.pscan.ExtensionPassiveScan - loaded passive scan rule: Timestamp Disclosure
4609 [ZAP-daemon] INFO  org.zaproxy.zap.extension.pscan.ExtensionPassiveScan - loaded passive scan rule: Username Hash Found
4610 [ZAP-daemon] INFO  org.zaproxy.zap.extension.pscan.ExtensionPassiveScan - loaded passive scan rule: Viewstate
4611 [ZAP-daemon] INFO  org.zaproxy.zap.extension.pscan.ExtensionPassiveScan - loaded passive scan rule: X-AspNet-Version Response Header
4612 [ZAP-daemon] INFO  org.zaproxy.zap.extension.pscan.ExtensionPassiveScan - loaded passive scan rule: X-Content-Type-Options Header Missing
4613 [ZAP-daemon] INFO  org.zaproxy.zap.extension.pscan.ExtensionPassiveScan - loaded passive scan rule: X-Debug-Token Information Leak
4614 [ZAP-daemon] INFO  org.zaproxy.zap.extension.pscan.ExtensionPassiveScan - loaded passive scan rule: X-Frame-Options Header
4615 [ZAP-daemon] INFO  org.zaproxy.zap.extension.pscan.ExtensionPassiveScan - loaded passive scan rule: Server Leaks Information via "X-Powered-By" HTTP Response Header Field(s)
4616 [ZAP-daemon] INFO  org.zaproxy.zap.extension.pscan.ExtensionPassiveScan - loaded passive scan rule: WSDL File Detection
4645 [ZAP-daemon] INFO  org.parosproxy.paros.extension.ExtensionLoader - Initializing Allows you to view and manage alerts
4649 [ZAP-daemon] INFO  org.parosproxy.paros.extension.ExtensionLoader - Initializing Active scanner, heavily based on the original Paros active scanner, but with additional tests added
4657 [ZAP-daemon] INFO  org.parosproxy.paros.extension.ExtensionLoader - Initializing Spider used for automatically finding URIs on a site
4679 [ZAP-daemon] INFO  org.parosproxy.paros.extension.ExtensionLoader - Initializing A set of common popup menus for miscellaneous tasks
4681 [ZAP-daemon] INFO  org.parosproxy.paros.extension.ExtensionLoader - Initializing Forced browsing of files and directories using code from the OWASP DirBuster tool
4684 [ZAP-daemon] INFO  org.parosproxy.paros.extension.ExtensionLoader - Initializing Manual Request Editor Extension
4685 [ZAP-daemon] INFO  org.parosproxy.paros.extension.ExtensionLoader - Initializing Compares 2 sessions and generates an HTML file showing the differences
4686 [ZAP-daemon] INFO  org.parosproxy.paros.extension.ExtensionLoader - Initializing Invoke external applications passing context related information such as URLs and parameters
4688 [ZAP-daemon] INFO  org.parosproxy.paros.extension.ExtensionLoader - Initializing Handles anti cross site request forgery (CSRF) tokens
4696 [ZAP-daemon] INFO  org.parosproxy.paros.extension.ExtensionLoader - Initializing Authentication Extension
4718 [ZAP-daemon] INFO  org.zaproxy.zap.extension.authentication.ExtensionAuthentication - Loaded authentication method types: [Form-based Authentication, HTTP/NTLM Authentication, Manual Authentication, Script-based Authentication, JSON-based Authentication]
4743 [ZAP-daemon] INFO  org.parosproxy.paros.extension.ExtensionLoader - Initializing Creates a dynamic SSL certificate to allow SSL communications to be intercepted without warnings being generated by the browser
4749 [ZAP-daemon] INFO  org.parosproxy.paros.extension.ExtensionLoader - Initializing Logs errors to the Output tab in development mode only
4750 [ZAP-daemon] INFO  org.parosproxy.paros.extension.ExtensionLoader - Initializing Users Extension
4755 [ZAP-daemon] INFO  org.parosproxy.paros.extension.ExtensionLoader - Initializing Summarise and analyse FORM and URL parameters as well as cookies
4757 [ZAP-daemon] INFO  org.parosproxy.paros.extension.ExtensionLoader - Initializing Script integration
4763 [ZAP-daemon] INFO  org.parosproxy.paros.extension.ExtensionLoader - Initializing Scripting console, supports all JSR 223 scripting languages
4906 [ZAP-daemon] INFO  org.parosproxy.paros.extension.ExtensionLoader - Initializing Forced User Extension
4908 [ZAP-daemon] INFO  org.parosproxy.paros.extension.ExtensionLoader - Initializing Extension handling HTTP sessions
4912 [ZAP-daemon] INFO  org.parosproxy.paros.extension.ExtensionLoader - Initializing Zest is a specialized scripting language, originally, from Mozilla specifically designed to be used in security tools
5159 [ZAP-daemon] INFO  org.parosproxy.paros.extension.ExtensionLoader - Initializing ExtensionDiff
5160 [ZAP-daemon] INFO  org.parosproxy.paros.extension.ExtensionLoader - Initializing HTTP Panel Post Table View Extension
5162 [ZAP-daemon] INFO  org.parosproxy.paros.extension.ExtensionLoader - Initializing Adds support for scriptable encoders to ZAP.
5164 [ZAP-daemon] INFO  org.parosproxy.paros.extension.ExtensionLoader - Initializing Session Management Extension
5181 [ZAP-daemon] INFO  org.zaproxy.zap.extension.sessions.ExtensionSessionManagement - Loaded session management method types: [Cookie-based Session Management, HTTP Authentication Session Management, Script-based Session Management]
5184 [ZAP-daemon] INFO  org.parosproxy.paros.extension.ExtensionLoader - Initializing HTTP Panel Form Table View Extension
5186 [ZAP-daemon] INFO  org.parosproxy.paros.extension.ExtensionLoader - Initializing Capture messages from WebSockets with the ability to set breakpoints.
5223 [ZAP-daemon] INFO  org.parosproxy.paros.extension.ExtensionLoader - Initializing Allows you to import a file containing URLs which ZAP will access, adding them to the Sites tree
5230 [ZAP-daemon] INFO  org.parosproxy.paros.extension.ExtensionLoader - Initializing Allows you to import a WSDL file containing operations which ZAP will access, adding them to the Sites tree.
5234 [ZAP-daemon] INFO  org.parosproxy.paros.extension.ExtensionLoader - Initializing Core UI related functionality.
5235 [ZAP-daemon] INFO  org.parosproxy.paros.extension.ExtensionLoader - Initializing Authorization Extension
5237 [ZAP-daemon] INFO  org.parosproxy.paros.extension.ExtensionLoader - Initializing AJAX Spider, uses Crawljax
5240 [ZAP-daemon] INFO  org.parosproxy.paros.extension.ExtensionLoader - Initializing Provides WebDrivers to control several browsers using Selenium and includes HtmlUnit browser.
5248 [ZAP-daemon] INFO  org.parosproxy.paros.extension.ExtensionLoader - Initializing Manages the local proxy configurations
5250 [ZAP-daemon] INFO  org.parosproxy.paros.extension.ExtensionLoader - Initializing Handles adding Global Excluded URLs
5251 [ZAP-daemon] INFO  org.parosproxy.paros.extension.ExtensionLoader - Initializing Adds menu item to refresh the Sites tree
5252 [ZAP-daemon] INFO  org.parosproxy.paros.extension.ExtensionLoader - Initializing OWASP ZAP User Guide
5252 [ZAP-daemon] INFO  org.parosproxy.paros.extension.ExtensionLoader - Initializing Provides a URL suitable for calling from target sites
5256 [ZAP-daemon] INFO  org.parosproxy.paros.extension.ExtensionLoader - Initializing Allows you to configure which extensions are loaded when ZAP starts
5257 [ZAP-daemon] INFO  org.parosproxy.paros.extension.ExtensionLoader - Initializing Combined HTTP Panels Extension
5258 [ZAP-daemon] INFO  org.parosproxy.paros.extension.ExtensionLoader - Initializing HTTP Panel Hex View Extension
5259 [ZAP-daemon] INFO  org.parosproxy.paros.extension.ExtensionLoader - Initializing HTTP Panel Image View Extension
5260 [ZAP-daemon] INFO  org.parosproxy.paros.extension.ExtensionLoader - Initializing HTTP Panel Large Request View Extension
5261 [ZAP-daemon] INFO  org.parosproxy.paros.extension.ExtensionLoader - Initializing HTTP Panel Large Response View Extension
5262 [ZAP-daemon] INFO  org.parosproxy.paros.extension.ExtensionLoader - Initializing HTTP Panel Query Table View Extension
5263 [ZAP-daemon] INFO  org.parosproxy.paros.extension.ExtensionLoader - Initializing HTTP Panel Syntax Highlighter View Extension
5263 [ZAP-daemon] INFO  org.parosproxy.paros.extension.ExtensionLoader - Initializing Adds support for configurable keyboard shortcuts for all of the ZAP menus.
5264 [ZAP-daemon] INFO  org.parosproxy.paros.extension.ExtensionLoader - Initializing Active and passive rule configuration
5268 [ZAP-daemon] INFO  org.parosproxy.paros.extension.ExtensionLoader - Initializing Statistics
5270 [ZAP-daemon] INFO  org.zaproxy.zap.extension.stats.ExtensionStats - Start recording in memory stats
5272 [ZAP-daemon] INFO  org.parosproxy.paros.extension.ExtensionLoader - Initializing Custom Pages Definition
5274 [ZAP-daemon] INFO  org.parosproxy.paros.extension.ExtensionLoader - Initializing Allows you to inspect and attack GraphQL endpoints.
5280 [ZAP-daemon] INFO  org.parosproxy.paros.extension.ExtensionLoader - Initializing Context alert rules filter
5285 [ZAP-daemon] INFO  org.parosproxy.paros.extension.ExtensionLoader - Initializing The Online menu links
5286 [ZAP-daemon] INFO  org.parosproxy.paros.extension.ExtensionLoader - Initializing Allows to fuzz WebSocket messages.
5288 [ZAP-daemon] INFO  org.parosproxy.paros.extension.ExtensionLoader - Initializing Easy way to replace strings in requests and responses
5295 [ZAP-daemon] INFO  org.parosproxy.paros.extension.ExtensionLoader - Initializing ExtensionSaveXMLHttpMessage
5297 [ZAP-daemon] INFO  org.parosproxy.paros.extension.ExtensionLoader - Initializing This extension allows a user to change the default values used by ZAP Spiders.
5302 [ZAP-daemon] INFO  org.parosproxy.paros.extension.ExtensionLoader - Initializing Active Scan Rules
5304 [ZAP-daemon] INFO  org.parosproxy.paros.extension.ExtensionLoader - Initializing Passive Scan Rules
5305 [ZAP-daemon] INFO  org.parosproxy.paros.extension.ExtensionLoader - Initializing Provides the GraalVM JavaScript engine for ZAP scripting.
5685 [ZAP-daemon] INFO  org.parosproxy.paros.extension.ExtensionLoader - Initializing Heads Up Display
5753 [ZAP-daemon] INFO  org.parosproxy.paros.extension.ExtensionLoader - Initializing ExtensionHUDlaunch
5759 [ZAP-daemon] INFO  org.parosproxy.paros.extension.ExtensionLoader - Initializing Adds the Quick Start panel for scanning and exploring applications
5768 [ZAP-daemon] INFO  org.parosproxy.paros.extension.ExtensionLoader - Initializing Add the option to use the Ajax Spider in the Quick Start scan
5773 [ZAP-daemon] INFO  org.parosproxy.paros.extension.ExtensionLoader - Initializing Launch browsers proxying through ZAP
5775 [ZAP-daemon] INFO  org.parosproxy.paros.extension.ExtensionLoader - Initializing Launch browsers proxying through ZAP
5782 [ZAP-daemon] INFO  org.parosproxy.paros.extension.ExtensionLoader - Initializing Allows you to spider and import OpenAPI (Swagger) definitions 
5808 [ZAP-daemon] INFO  org.parosproxy.paros.extension.ExtensionLoader - Initializing ExtensionSaveRawHttpMessage
5809 [ZAP-daemon] INFO  org.parosproxy.paros.extension.ExtensionLoader - Initializing Provides the foundation for concrete message types (for example, HTTP, WebSockets) expose fuzzer implementations.
5812 [ZAP-daemon] INFO  org.parosproxy.paros.extension.ExtensionLoader - Initializing Allows to fuzz HTTP messages.
5815 [ZAP-daemon] INFO  org.parosproxy.paros.extension.ExtensionLoader - Initializing The ZAP Getting Started Guide
5817 [ZAP-daemon] INFO  org.parosproxy.paros.extension.ExtensionLoader - Initializing Tips and Tricks
5818 [ZAP-daemon] INFO  org.parosproxy.paros.extension.ExtensionLoader - Initializing DOM XSS Active Scan Rule
5868 [ZAP-daemon] INFO  org.zaproxy.zap.extension.callback.ExtensionCallback - Started callback server on 0.0.0.0:38219
5871 [ZAP-daemon] INFO  org.zaproxy.zap.extension.dynssl.ExtensionDynSSL - Creating new root CA certificate
6708 [ZAP-daemon] INFO  org.zaproxy.zap.extension.dynssl.ExtensionDynSSL - New root CA certificate created
8020 [ZAP-cfu] WARN  org.zaproxy.zap.control.AddOnCollection - Failed to create add-on for ascanrules
java.util.zip.ZipException: zip END header not found
	at java.util.zip.ZipFile$Source.zerror(ZipFile.java:1567) ~[?:?]
	at java.util.zip.ZipFile$Source.findEND(ZipFile.java:1462) ~[?:?]
	at java.util.zip.ZipFile$Source.initCEN(ZipFile.java:1469) ~[?:?]
	at java.util.zip.ZipFile$Source.<init>(ZipFile.java:1274) ~[?:?]
	at java.util.zip.ZipFile$Source.get(ZipFile.java:1237) ~[?:?]
	at java.util.zip.ZipFile$CleanableResource.<init>(ZipFile.java:727) ~[?:?]
	at java.util.zip.ZipFile$CleanableResource.get(ZipFile.java:844) ~[?:?]
	at java.util.zip.ZipFile.<init>(ZipFile.java:247) ~[?:?]
	at java.util.zip.ZipFile.<init>(ZipFile.java:177) ~[?:?]
	at java.util.zip.ZipFile.<init>(ZipFile.java:191) ~[?:?]
	at org.zaproxy.zap.control.AddOn.loadManifestFile(AddOn.java:567) ~[zap-2.10.0.jar:2.10.0]
	at org.zaproxy.zap.control.AddOn.<init>(AddOn.java:659) ~[zap-2.10.0.jar:2.10.0]
	at org.zaproxy.zap.control.AddOnCollection.load(AddOnCollection.java:143) [zap-2.10.0.jar:2.10.0]
	at org.zaproxy.zap.control.AddOnCollection.<init>(AddOnCollection.java:60) [zap-2.10.0.jar:2.10.0]
	at org.zaproxy.zap.extension.autoupdate.ExtensionAutoUpdate$8.run(ExtensionAutoUpdate.java:1197) [zap-2.10.0.jar:2.10.0]
8025 [ZAP-cfu] WARN  org.zaproxy.zap.control.AddOnCollection - Failed to create add-on for commonlib
java.util.zip.ZipException: zip END header not found
	at java.util.zip.ZipFile$Source.zerror(ZipFile.java:1567) ~[?:?]
	at java.util.zip.ZipFile$Source.findEND(ZipFile.java:1462) ~[?:?]
	at java.util.zip.ZipFile$Source.initCEN(ZipFile.java:1469) ~[?:?]
	at java.util.zip.ZipFile$Source.<init>(ZipFile.java:1274) ~[?:?]
	at java.util.zip.ZipFile$Source.get(ZipFile.java:1237) ~[?:?]
	at java.util.zip.ZipFile$CleanableResource.<init>(ZipFile.java:727) ~[?:?]
	at java.util.zip.ZipFile$CleanableResource.get(ZipFile.java:844) ~[?:?]
	at java.util.zip.ZipFile.<init>(ZipFile.java:247) ~[?:?]
	at java.util.zip.ZipFile.<init>(ZipFile.java:177) ~[?:?]
	at java.util.zip.ZipFile.<init>(ZipFile.java:191) ~[?:?]
	at org.zaproxy.zap.control.AddOn.loadManifestFile(AddOn.java:567) ~[zap-2.10.0.jar:2.10.0]
	at org.zaproxy.zap.control.AddOn.<init>(AddOn.java:659) ~[zap-2.10.0.jar:2.10.0]
	at org.zaproxy.zap.control.AddOnCollection.load(AddOnCollection.java:143) [zap-2.10.0.jar:2.10.0]
	at org.zaproxy.zap.control.AddOnCollection.<init>(AddOnCollection.java:60) [zap-2.10.0.jar:2.10.0]
	at org.zaproxy.zap.extension.autoupdate.ExtensionAutoUpdate$8.run(ExtensionAutoUpdate.java:1197) [zap-2.10.0.jar:2.10.0]
8037 [ZAP-cfu] WARN  org.zaproxy.zap.control.AddOnCollection - Failed to create add-on for fuzz
java.util.zip.ZipException: zip END header not found
	at java.util.zip.ZipFile$Source.zerror(ZipFile.java:1567) ~[?:?]
	at java.util.zip.ZipFile$Source.findEND(ZipFile.java:1462) ~[?:?]
	at java.util.zip.ZipFile$Source.initCEN(ZipFile.java:1469) ~[?:?]
	at java.util.zip.ZipFile$Source.<init>(ZipFile.java:1274) ~[?:?]
	at java.util.zip.ZipFile$Source.get(ZipFile.java:1237) ~[?:?]
	at java.util.zip.ZipFile$CleanableResource.<init>(ZipFile.java:727) ~[?:?]
	at java.util.zip.ZipFile$CleanableResource.get(ZipFile.java:844) ~[?:?]
	at java.util.zip.ZipFile.<init>(ZipFile.java:247) ~[?:?]
	at java.util.zip.ZipFile.<init>(ZipFile.java:177) ~[?:?]
	at java.util.zip.ZipFile.<init>(ZipFile.java:191) ~[?:?]
	at org.zaproxy.zap.control.AddOn.loadManifestFile(AddOn.java:567) ~[zap-2.10.0.jar:2.10.0]
	at org.zaproxy.zap.control.AddOn.<init>(AddOn.java:659) ~[zap-2.10.0.jar:2.10.0]
	at org.zaproxy.zap.control.AddOnCollection.load(AddOnCollection.java:143) [zap-2.10.0.jar:2.10.0]
	at org.zaproxy.zap.control.AddOnCollection.<init>(AddOnCollection.java:60) [zap-2.10.0.jar:2.10.0]
	at org.zaproxy.zap.extension.autoupdate.ExtensionAutoUpdate$8.run(ExtensionAutoUpdate.java:1197) [zap-2.10.0.jar:2.10.0]
8042 [ZAP-cfu] WARN  org.zaproxy.zap.control.AddOnCollection - Failed to create add-on for graphql
java.util.zip.ZipException: zip END header not found
	at java.util.zip.ZipFile$Source.zerror(ZipFile.java:1567) ~[?:?]
	at java.util.zip.ZipFile$Source.findEND(ZipFile.java:1462) ~[?:?]
	at java.util.zip.ZipFile$Source.initCEN(ZipFile.java:1469) ~[?:?]
	at java.util.zip.ZipFile$Source.<init>(ZipFile.java:1274) ~[?:?]
	at java.util.zip.ZipFile$Source.get(ZipFile.java:1237) ~[?:?]
	at java.util.zip.ZipFile$CleanableResource.<init>(ZipFile.java:727) ~[?:?]
	at java.util.zip.ZipFile$CleanableResource.get(ZipFile.java:844) ~[?:?]
	at java.util.zip.ZipFile.<init>(ZipFile.java:247) ~[?:?]
	at java.util.zip.ZipFile.<init>(ZipFile.java:177) ~[?:?]
	at java.util.zip.ZipFile.<init>(ZipFile.java:191) ~[?:?]
	at org.zaproxy.zap.control.AddOn.loadManifestFile(AddOn.java:567) ~[zap-2.10.0.jar:2.10.0]
	at org.zaproxy.zap.control.AddOn.<init>(AddOn.java:659) ~[zap-2.10.0.jar:2.10.0]
	at org.zaproxy.zap.control.AddOnCollection.load(AddOnCollection.java:143) [zap-2.10.0.jar:2.10.0]
	at org.zaproxy.zap.control.AddOnCollection.<init>(AddOnCollection.java:60) [zap-2.10.0.jar:2.10.0]
	at org.zaproxy.zap.extension.autoupdate.ExtensionAutoUpdate$8.run(ExtensionAutoUpdate.java:1197) [zap-2.10.0.jar:2.10.0]
8049 [ZAP-cfu] WARN  org.zaproxy.zap.control.AddOnCollection - Failed to create add-on for openapi
java.util.zip.ZipException: zip END header not found
	at java.util.zip.ZipFile$Source.zerror(ZipFile.java:1567) ~[?:?]
	at java.util.zip.ZipFile$Source.findEND(ZipFile.java:1462) ~[?:?]
	at java.util.zip.ZipFile$Source.initCEN(ZipFile.java:1469) ~[?:?]
	at java.util.zip.ZipFile$Source.<init>(ZipFile.java:1274) ~[?:?]
	at java.util.zip.ZipFile$Source.get(ZipFile.java:1237) ~[?:?]
	at java.util.zip.ZipFile$CleanableResource.<init>(ZipFile.java:727) ~[?:?]
	at java.util.zip.ZipFile$CleanableResource.get(ZipFile.java:844) ~[?:?]
	at java.util.zip.ZipFile.<init>(ZipFile.java:247) ~[?:?]
	at java.util.zip.ZipFile.<init>(ZipFile.java:177) ~[?:?]
	at java.util.zip.ZipFile.<init>(ZipFile.java:191) ~[?:?]
	at org.zaproxy.zap.control.AddOn.loadManifestFile(AddOn.java:567) ~[zap-2.10.0.jar:2.10.0]
	at org.zaproxy.zap.control.AddOn.<init>(AddOn.java:659) ~[zap-2.10.0.jar:2.10.0]
	at org.zaproxy.zap.control.AddOnCollection.load(AddOnCollection.java:143) [zap-2.10.0.jar:2.10.0]
	at org.zaproxy.zap.control.AddOnCollection.<init>(AddOnCollection.java:60) [zap-2.10.0.jar:2.10.0]
	at org.zaproxy.zap.extension.autoupdate.ExtensionAutoUpdate$8.run(ExtensionAutoUpdate.java:1197) [zap-2.10.0.jar:2.10.0]
8054 [ZAP-cfu] WARN  org.zaproxy.zap.control.AddOnCollection - Failed to create add-on for retire
java.util.zip.ZipException: zip END header not found
	at java.util.zip.ZipFile$Source.zerror(ZipFile.java:1567) ~[?:?]
	at java.util.zip.ZipFile$Source.findEND(ZipFile.java:1462) ~[?:?]
	at java.util.zip.ZipFile$Source.initCEN(ZipFile.java:1469) ~[?:?]
	at java.util.zip.ZipFile$Source.<init>(ZipFile.java:1274) ~[?:?]
	at java.util.zip.ZipFile$Source.get(ZipFile.java:1237) ~[?:?]
	at java.util.zip.ZipFile$CleanableResource.<init>(ZipFile.java:727) ~[?:?]
	at java.util.zip.ZipFile$CleanableResource.get(ZipFile.java:844) ~[?:?]
	at java.util.zip.ZipFile.<init>(ZipFile.java:247) ~[?:?]
	at java.util.zip.ZipFile.<init>(ZipFile.java:177) ~[?:?]
	at java.util.zip.ZipFile.<init>(ZipFile.java:191) ~[?:?]
	at org.zaproxy.zap.control.AddOn.loadManifestFile(AddOn.java:567) ~[zap-2.10.0.jar:2.10.0]
	at org.zaproxy.zap.control.AddOn.<init>(AddOn.java:659) ~[zap-2.10.0.jar:2.10.0]
	at org.zaproxy.zap.control.AddOnCollection.load(AddOnCollection.java:143) [zap-2.10.0.jar:2.10.0]
	at org.zaproxy.zap.control.AddOnCollection.<init>(AddOnCollection.java:60) [zap-2.10.0.jar:2.10.0]
	at org.zaproxy.zap.extension.autoupdate.ExtensionAutoUpdate$8.run(ExtensionAutoUpdate.java:1197) [zap-2.10.0.jar:2.10.0]
8057 [ZAP-cfu] WARN  org.zaproxy.zap.control.AddOnCollection - Failed to create add-on for scripts
java.util.zip.ZipException: zip END header not found
	at java.util.zip.ZipFile$Source.zerror(ZipFile.java:1567) ~[?:?]
	at java.util.zip.ZipFile$Source.findEND(ZipFile.java:1462) ~[?:?]
	at java.util.zip.ZipFile$Source.initCEN(ZipFile.java:1469) ~[?:?]
	at java.util.zip.ZipFile$Source.<init>(ZipFile.java:1274) ~[?:?]
	at java.util.zip.ZipFile$Source.get(ZipFile.java:1237) ~[?:?]
	at java.util.zip.ZipFile$CleanableResource.<init>(ZipFile.java:727) ~[?:?]
	at java.util.zip.ZipFile$CleanableResource.get(ZipFile.java:844) ~[?:?]
	at java.util.zip.ZipFile.<init>(ZipFile.java:247) ~[?:?]
	at java.util.zip.ZipFile.<init>(ZipFile.java:177) ~[?:?]
	at java.util.zip.ZipFile.<init>(ZipFile.java:191) ~[?:?]
	at org.zaproxy.zap.control.AddOn.loadManifestFile(AddOn.java:567) ~[zap-2.10.0.jar:2.10.0]
	at org.zaproxy.zap.control.AddOn.<init>(AddOn.java:659) ~[zap-2.10.0.jar:2.10.0]
	at org.zaproxy.zap.control.AddOnCollection.load(AddOnCollection.java:143) [zap-2.10.0.jar:2.10.0]
	at org.zaproxy.zap.control.AddOnCollection.<init>(AddOnCollection.java:60) [zap-2.10.0.jar:2.10.0]
	at org.zaproxy.zap.extension.autoupdate.ExtensionAutoUpdate$8.run(ExtensionAutoUpdate.java:1197) [zap-2.10.0.jar:2.10.0]
8060 [ZAP-cfu] WARN  org.zaproxy.zap.control.AddOnCollection - Failed to create add-on for soap
java.util.zip.ZipException: zip END header not found
	at java.util.zip.ZipFile$Source.zerror(ZipFile.java:1567) ~[?:?]
	at java.util.zip.ZipFile$Source.findEND(ZipFile.java:1462) ~[?:?]
	at java.util.zip.ZipFile$Source.initCEN(ZipFile.java:1469) ~[?:?]
	at java.util.zip.ZipFile$Source.<init>(ZipFile.java:1274) ~[?:?]
	at java.util.zip.ZipFile$Source.get(ZipFile.java:1237) ~[?:?]
	at java.util.zip.ZipFile$CleanableResource.<init>(ZipFile.java:727) ~[?:?]
	at java.util.zip.ZipFile$CleanableResource.get(ZipFile.java:844) ~[?:?]
	at java.util.zip.ZipFile.<init>(ZipFile.java:247) ~[?:?]
	at java.util.zip.ZipFile.<init>(ZipFile.java:177) ~[?:?]
	at java.util.zip.ZipFile.<init>(ZipFile.java:191) ~[?:?]
	at org.zaproxy.zap.control.AddOn.loadManifestFile(AddOn.java:567) ~[zap-2.10.0.jar:2.10.0]
	at org.zaproxy.zap.control.AddOn.<init>(AddOn.java:659) ~[zap-2.10.0.jar:2.10.0]
	at org.zaproxy.zap.control.AddOnCollection.load(AddOnCollection.java:143) [zap-2.10.0.jar:2.10.0]
	at org.zaproxy.zap.control.AddOnCollection.<init>(AddOnCollection.java:60) [zap-2.10.0.jar:2.10.0]
	at org.zaproxy.zap.extension.autoupdate.ExtensionAutoUpdate$8.run(ExtensionAutoUpdate.java:1197) [zap-2.10.0.jar:2.10.0]
8063 [ZAP-cfu] WARN  org.zaproxy.zap.control.AddOnCollection - Failed to create add-on for spiderAjax
java.util.zip.ZipException: zip END header not found
	at java.util.zip.ZipFile$Source.zerror(ZipFile.java:1567) ~[?:?]
	at java.util.zip.ZipFile$Source.findEND(ZipFile.java:1462) ~[?:?]
	at java.util.zip.ZipFile$Source.initCEN(ZipFile.java:1469) ~[?:?]
	at java.util.zip.ZipFile$Source.<init>(ZipFile.java:1274) ~[?:?]
	at java.util.zip.ZipFile$Source.get(ZipFile.java:1237) ~[?:?]
	at java.util.zip.ZipFile$CleanableResource.<init>(ZipFile.java:727) ~[?:?]
	at java.util.zip.ZipFile$CleanableResource.get(ZipFile.java:844) ~[?:?]
	at java.util.zip.ZipFile.<init>(ZipFile.java:247) ~[?:?]
	at java.util.zip.ZipFile.<init>(ZipFile.java:177) ~[?:?]
	at java.util.zip.ZipFile.<init>(ZipFile.java:191) ~[?:?]
	at org.zaproxy.zap.control.AddOn.loadManifestFile(AddOn.java:567) ~[zap-2.10.0.jar:2.10.0]
	at org.zaproxy.zap.control.AddOn.<init>(AddOn.java:659) ~[zap-2.10.0.jar:2.10.0]
	at org.zaproxy.zap.control.AddOnCollection.load(AddOnCollection.java:143) [zap-2.10.0.jar:2.10.0]
	at org.zaproxy.zap.control.AddOnCollection.<init>(AddOnCollection.java:60) [zap-2.10.0.jar:2.10.0]
	at org.zaproxy.zap.extension.autoupdate.ExtensionAutoUpdate$8.run(ExtensionAutoUpdate.java:1197) [zap-2.10.0.jar:2.10.0]
8065 [ZAP-cfu] WARN  org.zaproxy.zap.control.AddOnCollection - Failed to create add-on for tips
java.util.zip.ZipException: zip END header not found
	at java.util.zip.ZipFile$Source.zerror(ZipFile.java:1567) ~[?:?]
	at java.util.zip.ZipFile$Source.findEND(ZipFile.java:1462) ~[?:?]
	at java.util.zip.ZipFile$Source.initCEN(ZipFile.java:1469) ~[?:?]
	at java.util.zip.ZipFile$Source.<init>(ZipFile.java:1274) ~[?:?]
	at java.util.zip.ZipFile$Source.get(ZipFile.java:1237) ~[?:?]
	at java.util.zip.ZipFile$CleanableResource.<init>(ZipFile.java:727) ~[?:?]
	at java.util.zip.ZipFile$CleanableResource.get(ZipFile.java:844) ~[?:?]
	at java.util.zip.ZipFile.<init>(ZipFile.java:247) ~[?:?]
	at java.util.zip.ZipFile.<init>(ZipFile.java:177) ~[?:?]
	at java.util.zip.ZipFile.<init>(ZipFile.java:191) ~[?:?]
	at org.zaproxy.zap.control.AddOn.loadManifestFile(AddOn.java:567) ~[zap-2.10.0.jar:2.10.0]
	at org.zaproxy.zap.control.AddOn.<init>(AddOn.java:659) ~[zap-2.10.0.jar:2.10.0]
	at org.zaproxy.zap.control.AddOnCollection.load(AddOnCollection.java:143) [zap-2.10.0.jar:2.10.0]
	at org.zaproxy.zap.control.AddOnCollection.<init>(AddOnCollection.java:60) [zap-2.10.0.jar:2.10.0]
	at org.zaproxy.zap.extension.autoupdate.ExtensionAutoUpdate$8.run(ExtensionAutoUpdate.java:1197) [zap-2.10.0.jar:2.10.0]
8069 [ZAP-cfu] WARN  org.zaproxy.zap.control.AddOnCollection - Failed to create add-on for webdriverlinux
java.util.zip.ZipException: zip END header not found
	at java.util.zip.ZipFile$Source.zerror(ZipFile.java:1567) ~[?:?]
	at java.util.zip.ZipFile$Source.findEND(ZipFile.java:1462) ~[?:?]
	at java.util.zip.ZipFile$Source.initCEN(ZipFile.java:1469) ~[?:?]
	at java.util.zip.ZipFile$Source.<init>(ZipFile.java:1274) ~[?:?]
	at java.util.zip.ZipFile$Source.get(ZipFile.java:1237) ~[?:?]
	at java.util.zip.ZipFile$CleanableResource.<init>(ZipFile.java:727) ~[?:?]
	at java.util.zip.ZipFile$CleanableResource.get(ZipFile.java:844) ~[?:?]
	at java.util.zip.ZipFile.<init>(ZipFile.java:247) ~[?:?]
	at java.util.zip.ZipFile.<init>(ZipFile.java:177) ~[?:?]
	at java.util.zip.ZipFile.<init>(ZipFile.java:191) ~[?:?]
	at org.zaproxy.zap.control.AddOn.loadManifestFile(AddOn.java:567) ~[zap-2.10.0.jar:2.10.0]
	at org.zaproxy.zap.control.AddOn.<init>(AddOn.java:659) ~[zap-2.10.0.jar:2.10.0]
	at org.zaproxy.zap.control.AddOnCollection.load(AddOnCollection.java:143) [zap-2.10.0.jar:2.10.0]
	at org.zaproxy.zap.control.AddOnCollection.<init>(AddOnCollection.java:60) [zap-2.10.0.jar:2.10.0]
	at org.zaproxy.zap.extension.autoupdate.ExtensionAutoUpdate$8.run(ExtensionAutoUpdate.java:1197) [zap-2.10.0.jar:2.10.0]
8072 [ZAP-cfu] WARN  org.zaproxy.zap.control.AddOnCollection - Failed to create add-on for websocket
java.util.zip.ZipException: zip END header not found
	at java.util.zip.ZipFile$Source.zerror(ZipFile.java:1567) ~[?:?]
	at java.util.zip.ZipFile$Source.findEND(ZipFile.java:1462) ~[?:?]
	at java.util.zip.ZipFile$Source.initCEN(ZipFile.java:1469) ~[?:?]
	at java.util.zip.ZipFile$Source.<init>(ZipFile.java:1274) ~[?:?]
	at java.util.zip.ZipFile$Source.get(ZipFile.java:1237) ~[?:?]
	at java.util.zip.ZipFile$CleanableResource.<init>(ZipFile.java:727) ~[?:?]
	at java.util.zip.ZipFile$CleanableResource.get(ZipFile.java:844) ~[?:?]
	at java.util.zip.ZipFile.<init>(ZipFile.java:247) ~[?:?]
	at java.util.zip.ZipFile.<init>(ZipFile.java:177) ~[?:?]
	at java.util.zip.ZipFile.<init>(ZipFile.java:191) ~[?:?]
	at org.zaproxy.zap.control.AddOn.loadManifestFile(AddOn.java:567) ~[zap-2.10.0.jar:2.10.0]
	at org.zaproxy.zap.control.AddOn.<init>(AddOn.java:659) ~[zap-2.10.0.jar:2.10.0]
	at org.zaproxy.zap.control.AddOnCollection.load(AddOnCollection.java:143) [zap-2.10.0.jar:2.10.0]
	at org.zaproxy.zap.control.AddOnCollection.<init>(AddOnCollection.java:60) [zap-2.10.0.jar:2.10.0]
	at org.zaproxy.zap.extension.autoupdate.ExtensionAutoUpdate$8.run(ExtensionAutoUpdate.java:1197) [zap-2.10.0.jar:2.10.0]
8074 [ZAP-cfu] WARN  org.zaproxy.zap.control.AddOnCollection - Failed to create add-on for zest
java.util.zip.ZipException: zip END header not found
	at java.util.zip.ZipFile$Source.zerror(ZipFile.java:1567) ~[?:?]
	at java.util.zip.ZipFile$Source.findEND(ZipFile.java:1462) ~[?:?]
	at java.util.zip.ZipFile$Source.initCEN(ZipFile.java:1469) ~[?:?]
	at java.util.zip.ZipFile$Source.<init>(ZipFile.java:1274) ~[?:?]
	at java.util.zip.ZipFile$Source.get(ZipFile.java:1237) ~[?:?]
	at java.util.zip.ZipFile$CleanableResource.<init>(ZipFile.java:727) ~[?:?]
	at java.util.zip.ZipFile$CleanableResource.get(ZipFile.java:844) ~[?:?]
	at java.util.zip.ZipFile.<init>(ZipFile.java:247) ~[?:?]
	at java.util.zip.ZipFile.<init>(ZipFile.java:177) ~[?:?]
	at java.util.zip.ZipFile.<init>(ZipFile.java:191) ~[?:?]
	at org.zaproxy.zap.control.AddOn.loadManifestFile(AddOn.java:567) ~[zap-2.10.0.jar:2.10.0]
	at org.zaproxy.zap.control.AddOn.<init>(AddOn.java:659) ~[zap-2.10.0.jar:2.10.0]
	at org.zaproxy.zap.control.AddOnCollection.load(AddOnCollection.java:143) [zap-2.10.0.jar:2.10.0]
	at org.zaproxy.zap.control.AddOnCollection.<init>(AddOnCollection.java:60) [zap-2.10.0.jar:2.10.0]
	at org.zaproxy.zap.extension.autoupdate.ExtensionAutoUpdate$8.run(ExtensionAutoUpdate.java:1197) [zap-2.10.0.jar:2.10.0]
8733 [ZAP-daemon] INFO  org.parosproxy.paros.CommandLine - Add-on update check complete
8736 [ZAP-daemon] ERROR org.parosproxy.paros.CommandLine - Failed to find Add-on: pscanrulesBeta
8739 [ZAP-daemon] INFO  org.zaproxy.zap.DaemonBootstrap - ZAP is now listening on 0.0.0.0:46187
